<?xml version="1.0" encoding="UTF-8"?>
<!-- Generated by org.testng.reporters.JUnitXMLReporter -->
<testsuite hostname="DESKTOP-SC8GIOV" ignored="0" name="Default test" tests="2" failures="0" timestamp="06 Mar 2020 08:35:01 GMT" time="15.628" errors="0">
  <testcase name="titlePageChecking" time="5.263" classname="com.wanasaemc.adminautomation.EMCLoginPageTest"/>
  <testcase name="emcLogin" time="10.343" classname="com.wanasaemc.adminautomation.EMCLoginPageTest"/>
</testsuite> <!-- Default test -->
