<?xml version="1.0" encoding="UTF-8"?>
<!-- Generated by org.testng.reporters.JUnitXMLReporter -->
<testsuite hostname="DESKTOP-SC8GIOV" ignored="0" name="LoginPage" tests="2" failures="1" timestamp="05 Mar 2020 10:19:54 GMT" time="0.021" errors="0">
  <testcase name="@BeforeSuite startBrowser" time="0.011" classname="com.wanasaemc.adminautomation.BrowserLaunchTest">
    <failure type="java.lang.NullPointerException">
      <![CDATA[java.lang.NullPointerException
at java.util.Hashtable.put(Unknown Source)
at java.util.Properties.setProperty(Unknown Source)
at java.lang.System.setProperty(Unknown Source)
at com.wanasaemc.adminautomation.BrowserLaunch.browserLaunch(BrowserLaunch.java:14)
at com.wanasaemc.adminautomation.BrowserLaunchTest.startBrowser(BrowserLaunchTest.java:18)
... Removed 20 stack frames]]>
    </failure>
  </testcase> <!-- @BeforeSuite startBrowser -->
  <testcase name="@BeforeTest enterUrl" time="0.0" classname="com.wanasaemc.adminautomation.BrowserLaunchTest">
    <skipped/>
  </testcase> <!-- @BeforeTest enterUrl -->
  <testcase name="titleCheck" time="0.0" classname="com.wanasaemc.adminautomation.EMCLoginPageTest">
    <failure type="org.testng.TestNGException" message="
Cannot inject @Test annotated Method [titleCheck] with [interface org.testng.ITestResult].
For more information on native dependency injection please refer to http://testng.org/doc/documentation-main.html#native-dependency-injection">
      <![CDATA[org.testng.TestNGException: 
For more information on native dependency injection please refer to http://testng.org/doc/documentation-main.html#native-dependency-injection
... Removed 25 stack frames]]>
    </failure>
  </testcase> <!-- titleCheck -->
  <testcase name="enterLoginDetails" time="0.0" classname="com.wanasaemc.adminautomation.EMCLoginPageTest">
    <skipped/>
  </testcase> <!-- enterLoginDetails -->
</testsuite> <!-- LoginPage -->
