<?xml version="1.0" encoding="UTF-8"?>
<testng-results skipped="0" failed="0" ignored="0" total="2" passed="2">
  <reporter-output>
  </reporter-output>
  <suite name="Default suite" duration-ms="15628" started-at="2020-03-06T08:34:46Z" finished-at="2020-03-06T08:35:01Z">
    <groups>
    </groups>
    <test name="Default test" duration-ms="15628" started-at="2020-03-06T08:34:46Z" finished-at="2020-03-06T08:35:01Z">
      <class name="com.wanasaemc.adminautomation.EMCLoginPageTest">
        <test-method status="PASS" signature="browserType()[pri:0, instance:com.wanasaemc.adminautomation.EMCLoginPageTest@91161c7]" name="browserType" is-config="true" duration-ms="5877" started-at="2020-03-06T08:34:40Z" finished-at="2020-03-06T08:34:46Z">
          <reporter-output>
          </reporter-output>
        </test-method> <!-- browserType -->
        <test-method status="PASS" signature="titlePageChecking()[pri:0, instance:com.wanasaemc.adminautomation.EMCLoginPageTest@91161c7]" name="titlePageChecking" duration-ms="5263" started-at="2020-03-06T08:34:46Z" finished-at="2020-03-06T08:34:51Z">
          <reporter-output>
          </reporter-output>
        </test-method> <!-- titlePageChecking -->
        <test-method status="PASS" signature="propertiesfile()[pri:0, instance:com.wanasaemc.adminautomation.EMCLoginPageTest@91161c7]" name="propertiesfile" is-config="true" duration-ms="0" started-at="2020-03-06T08:34:46Z" finished-at="2020-03-06T08:34:46Z">
          <reporter-output>
          </reporter-output>
        </test-method> <!-- propertiesfile -->
        <test-method status="PASS" signature="testcasestatus(org.testng.ITestResult)[pri:0, instance:com.wanasaemc.adminautomation.EMCLoginPageTest@91161c7]" name="testcasestatus" is-config="true" duration-ms="1" started-at="2020-03-06T08:34:51Z" finished-at="2020-03-06T08:34:51Z">
          <params>
            <param index="0">
              <value>
                <![CDATA[[TestResult name=titlePageChecking status=SUCCESS method=EMCLoginPageTest.titlePageChecking()[pri:0, instance:com.wanasaemc.adminautomation.EMCLoginPageTest@91161c7] output={null}]]]>
              </value>
            </param>
          </params>
          <reporter-output>
          </reporter-output>
        </test-method> <!-- testcasestatus -->
        <test-method status="PASS" signature="propertiesfile()[pri:0, instance:com.wanasaemc.adminautomation.EMCLoginPageTest@91161c7]" name="propertiesfile" is-config="true" duration-ms="1" started-at="2020-03-06T08:34:51Z" finished-at="2020-03-06T08:34:51Z">
          <reporter-output>
          </reporter-output>
        </test-method> <!-- propertiesfile -->
        <test-method status="PASS" signature="emcLogin()[pri:0, instance:com.wanasaemc.adminautomation.EMCLoginPageTest@91161c7]" name="emcLogin" duration-ms="10343" started-at="2020-03-06T08:34:51Z" depends-on-methods="com.wanasaemc.adminautomation.EMCLoginPageTest.titlePageChecking" finished-at="2020-03-06T08:35:01Z">
          <reporter-output>
          </reporter-output>
        </test-method> <!-- emcLogin -->
        <test-method status="PASS" signature="testcasestatus(org.testng.ITestResult)[pri:0, instance:com.wanasaemc.adminautomation.EMCLoginPageTest@91161c7]" name="testcasestatus" is-config="true" duration-ms="0" started-at="2020-03-06T08:35:01Z" finished-at="2020-03-06T08:35:01Z">
          <params>
            <param index="0">
              <value>
                <![CDATA[[TestResult name=emcLogin status=SUCCESS method=EMCLoginPageTest.emcLogin()[pri:0, instance:com.wanasaemc.adminautomation.EMCLoginPageTest@91161c7] output={null}]]]>
              </value>
            </param>
          </params>
          <reporter-output>
          </reporter-output>
        </test-method> <!-- testcasestatus -->
      </class> <!-- com.wanasaemc.adminautomation.EMCLoginPageTest -->
    </test> <!-- Default test -->
  </suite> <!-- Default suite -->
</testng-results>
